[0m01:20:45.291852 [debug] [MainThread]: Sending event: {'category': 'dbt', 'action': 'invocation', 'label': 'start', 'context': [<snowplow_tracker.self_describing_json.SelfDescribingJson object at 0x10c2d5d80>, <snowplow_tracker.self_describing_json.SelfDescribingJson object at 0x10d257d90>, <snowplow_tracker.self_describing_json.SelfDescribingJson object at 0x10d257910>]}


============================== 01:20:45.299866 | 58f477c2-8fb6-4d65-9f60-94a14e73ed8f ==============================
[0m01:20:45.299866 [info ] [MainThread]: Running with dbt=1.11.6
[0m01:20:45.300930 [debug] [MainThread]: running dbt with arguments {'printer_width': '80', 'log_format': 'default', 'warn_error': 'None', 'no_print': 'None', 'log_path': 'logs', 'introspect': 'True', 'empty': 'None', 'send_anonymous_usage_stats': 'True', 'use_experimental_parser': 'False', 'quiet': 'False', 'debug': 'False', 'invocation_command': 'dbt init dbt_lakehouse', 'log_cache_events': 'False', 'write_json': 'True', 'warn_error_options': 'WarnErrorOptionsV2(error=[], warn=[], silence=[])', 'cache_selected_only': 'False', 'fail_fast': 'False', 'indirect_selection': 'eager', 'use_colors': 'True', 'static_parser': 'True', 'partial_parse': 'True', 'version_check': 'True', 'profiles_dir': '/Users/abhipatel/.dbt', 'target_path': 'None'}
[0m01:20:45.336779 [info ] [MainThread]: Creating dbt configuration folder at /Users/abhipatel/.dbt
[0m01:20:45.340426 [debug] [MainThread]: Starter project path: /Library/Frameworks/Python.framework/Versions/3.10/lib/python3.10/site-packages/dbt/include/starter_project
[0m01:20:45.357452 [info ] [MainThread]: 
Your new dbt project "dbt_lakehouse" was created!

For more information on how to configure the profiles.yml file,
please consult the dbt documentation here:

  https://docs.getdbt.com/docs/configure-your-profile

One more thing:

Need help? Don't hesitate to reach out to us via GitHub issues or on Slack:

  https://community.getdbt.com/

Happy modeling!

[0m01:20:45.358481 [info ] [MainThread]: Setting up your profile.
[0m01:21:21.646409 [debug] [MainThread]: Spark adapter: Setting pyhive.hive logging to ERROR
[0m01:21:21.648264 [debug] [MainThread]: Spark adapter: Setting thrift.transport logging to ERROR
[0m01:21:21.649155 [debug] [MainThread]: Spark adapter: Setting thrift.protocol logging to ERROR
[0m01:26:18.506157 [info ] [MainThread]: Profile dbt_lakehouse written to /Users/abhipatel/.dbt/profiles.yml using target's profile_template.yml and your supplied values. Run 'dbt debug' to validate the connection.
[0m01:26:18.579652 [debug] [MainThread]: Resource report: {"command_name": "init", "command_success": true, "command_wall_clock_time": 333.43982, "process_in_blocks": "0", "process_kernel_time": 0.92903, "process_mem_max_rss": "193142784", "process_out_blocks": "0", "process_user_time": 4.902212}
[0m01:26:18.588627 [debug] [MainThread]: Command `dbt init` succeeded at 01:26:18.588137 after 333.45 seconds
[0m01:26:18.592179 [debug] [MainThread]: Sending event: {'category': 'dbt', 'action': 'invocation', 'label': 'end', 'context': [<snowplow_tracker.self_describing_json.SelfDescribingJson object at 0x10c2d5d80>, <snowplow_tracker.self_describing_json.SelfDescribingJson object at 0x10d2566b0>, <snowplow_tracker.self_describing_json.SelfDescribingJson object at 0x10d19f400>]}
[0m01:26:18.601040 [debug] [MainThread]: Flushing usage events
[0m01:26:18.975109 [debug] [MainThread]: An error was encountered while trying to flush usage events
